# JRE version: Java(TM) SE Runtime Environment (8.0_144-b01) (build 1.8.0_144-b01)
# Java VM: Java HotSpot(TM) 64-Bit Server VM (25.144-b01 mixed mode bsd-amd64 compressed oops)
Heap:
 PSYoungGen      total 43520K, used 1054K [0x0000000795580000, 0x0000000799480000, 0x00000007c0000000)
  eden space 31744K, 3% used [0x0000000795580000,0x0000000795687a58,0x0000000797480000)
  from space 11776K, 0% used [0x0000000797700000,0x0000000797700000,0x0000000798280000)
  to   space 16384K, 0% used [0x0000000798480000,0x0000000798480000,0x0000000799480000)
 ParOldGen       total 58368K, used 14356K [0x0000000740000000, 0x0000000743900000, 0x0000000795580000)
  object space 58368K, 24% used [0x0000000740000000,0x0000000740e05060,0x0000000743900000)
 Metaspace       used 20986K, capacity 21380K, committed 21680K, reserved 1069056K
  class space    used 2580K, capacity 2716K, committed 2816K, reserved 1048576K
GC Heap History (10 events):
Event: 344.836 GC heap before
{Heap before GC invocations=4 (full 0):
 PSYoungGen      total 38400K, used 38369K [0x0000000795580000, 0x000000079a080000, 0x00000007c0000000)
  eden space 33280K, 100% used [0x0000000795580000,0x0000000797600000,0x0000000797600000)
  from space 5120K, 99% used [0x0000000797600000,0x0000000797af86a0,0x0000000797b00000)
  to   space 5120K, 0% used [0x0000000799b80000,0x0000000799b80000,0x000000079a080000)
 ParOldGen       total 87552K, used 20357K [0x0000000740000000, 0x0000000745580000, 0x0000000795580000)
  object space 87552K, 23% used [0x0000000740000000,0x00000007413e17e8,0x0000000745580000)
 Metaspace       used 20579K, capacity 20924K, committed 21120K, reserved 1067008K
  class space    used 2493K, capacity 2608K, committed 2688K, reserved 1048576K
Event: 345.128 GC heap after
Heap after GC invocations=4 (full 0):
 PSYoungGen      total 38400K, used 5109K [0x0000000795580000, 0x000000079a080000, 0x00000007c0000000)
  eden space 33280K, 0% used [0x0000000795580000,0x0000000795580000,0x0000000797600000)
  from space 5120K, 99% used [0x0000000799b80000,0x000000079a07d400,0x000000079a080000)
  to   space 5120K, 0% used [0x0000000797600000,0x0000000797600000,0x0000000797b00000)
 ParOldGen       total 87552K, used 28275K [0x0000000740000000, 0x0000000745580000, 0x0000000795580000)
  object space 87552K, 32% used [0x0000000740000000,0x0000000741b9cf78,0x0000000745580000)
 Metaspace       used 20579K, capacity 20924K, committed 21120K, reserved 1067008K
  class space    used 2493K, capacity 2608K, committed 2688K, reserved 1048576K
}
Event: 378.320 GC heap before
{Heap before GC invocations=5 (full 0):
 PSYoungGen      total 38400K, used 38389K [0x0000000795580000, 0x000000079a080000, 0x00000007c0000000)
  eden space 33280K, 100% used [0x0000000795580000,0x0000000797600000,0x0000000797600000)
  from space 5120K, 99% used [0x0000000799b80000,0x000000079a07d400,0x000000079a080000)
  to   space 5120K, 0% used [0x0000000797600000,0x0000000797600000,0x0000000797b00000)
 ParOldGen       total 87552K, used 28275K [0x0000000740000000, 0x0000000745580000, 0x0000000795580000)
  object space 87552K, 32% used [0x0000000740000000,0x0000000741b9cf78,0x0000000745580000)
 Metaspace       used 20579K, capacity 20924K, committed 21120K, reserved 1067008K
  class space    used 2493K, capacity 2608K, committed 2688K, reserved 1048576K
Event: 378.674 GC heap after
Heap after GC invocations=5 (full 0):
 PSYoungGen      total 37888K, used 5105K [0x0000000795580000, 0x0000000799c00000, 0x00000007c0000000)
  eden space 32768K, 0% used [0x0000000795580000,0x0000000795580000,0x0000000797580000)
  from space 5120K, 99% used [0x0000000797600000,0x0000000797afc6c0,0x0000000797b00000)
  to   space 16896K, 0% used [0x0000000798b80000,0x0000000798b80000,0x0000000799c00000)
 ParOldGen       total 87552K, used 35261K [0x0000000740000000, 0x0000000745580000, 0x0000000795580000)
  object space 87552K, 40% used [0x0000000740000000,0x000000074226f578,0x0000000745580000)
 Metaspace       used 20579K, capacity 20924K, committed 21120K, reserved 1067008K
  class space    used 2493K, capacity 2608K, committed 2688K, reserved 1048576K
}
Event: 411.969 GC heap before
{Heap before GC invocations=6 (full 0):
 PSYoungGen      total 37888K, used 37873K [0x0000000795580000, 0x0000000799c00000, 0x00000007c0000000)
  eden space 32768K, 100% used [0x0000000795580000,0x0000000797580000,0x0000000797580000)
  from space 5120K, 99% used [0x0000000797600000,0x0000000797afc6c0,0x0000000797b00000)
  to   space 16896K, 0% used [0x0000000798b80000,0x0000000798b80000,0x0000000799c00000)
 ParOldGen       total 87552K, used 35261K [0x0000000740000000, 0x0000000745580000, 0x0000000795580000)
  object space 87552K, 40% used [0x0000000740000000,0x000000074226f578,0x0000000745580000)
 Metaspace       used 20580K, capacity 20924K, committed 21120K, reserved 1067008K
  class space    used 2493K, capacity 2608K, committed 2688K, reserved 1048576K
Event: 411.981 GC heap after
Heap after GC invocations=6 (full 0):
 PSYoungGen      total 45056K, used 12753K [0x0000000795580000, 0x0000000799800000, 0x00000007c0000000)
  eden space 32256K, 0% used [0x0000000795580000,0x0000000795580000,0x0000000797500000)
  from space 12800K, 99% used [0x0000000798b80000,0x00000007997f4730,0x0000000799800000)
  to   space 16896K, 0% used [0x0000000797700000,0x0000000797700000,0x0000000798780000)
 ParOldGen       total 87552K, used 35261K [0x0000000740000000, 0x0000000745580000, 0x0000000795580000)
  object space 87552K, 40% used [0x0000000740000000,0x000000074226f578,0x0000000745580000)
 Metaspace       used 20580K, capacity 20924K, committed 21120K, reserved 1067008K
  class space    used 2493K, capacity 2608K, committed 2688K, reserved 1048576K
}
Event: 436.144 GC heap before
{Heap before GC invocations=7 (full 0):
 PSYoungGen      total 45056K, used 35610K [0x0000000795580000, 0x0000000799800000, 0x00000007c0000000)
  eden space 32256K, 70% used [0x0000000795580000,0x0000000796bd2488,0x0000000797500000)
  from space 12800K, 99% used [0x0000000798b80000,0x00000007997f4730,0x0000000799800000)
  to   space 16896K, 0% used [0x0000000797700000,0x0000000797700000,0x0000000798780000)
 ParOldGen       total 87552K, used 35261K [0x0000000740000000, 0x0000000745580000, 0x0000000795580000)
  object space 87552K, 40% used [0x0000000740000000,0x000000074226f578,0x0000000745580000)
 Metaspace       used 20818K, capacity 21152K, committed 21296K, reserved 1069056K
  class space    used 2518K, capacity 2642K, committed 2688K, reserved 1048576K
Event: 436.244 GC heap after
Heap after GC invocations=7 (full 0):
 PSYoungGen      total 43520K, used 11386K [0x0000000795580000, 0x0000000799480000, 0x00000007c0000000)
  eden space 31744K, 0% used [0x0000000795580000,0x0000000795580000,0x0000000797480000)
  from space 11776K, 96% used [0x0000000797700000,0x000000079821eb20,0x0000000798280000)
  to   space 16384K, 0% used [0x0000000798480000,0x0000000798480000,0x0000000799480000)
 ParOldGen       total 87552K, used 36866K [0x0000000740000000, 0x0000000745580000, 0x0000000795580000)
  object space 87552K, 42% used [0x0000000740000000,0x0000000742400a08,0x0000000745580000)
 Metaspace       used 20818K, capacity 21152K, committed 21296K, reserved 1069056K
  class space    used 2518K, capacity 2642K, committed 2688K, reserved 1048576K
}
Event: 436.244 GC heap before
{Heap before GC invocations=8 (full 1):
 PSYoungGen      total 43520K, used 11386K [0x0000000795580000, 0x0000000799480000, 0x00000007c0000000)
  eden space 31744K, 0% used [0x0000000795580000,0x0000000795580000,0x0000000797480000)
  from space 11776K, 96% used [0x0000000797700000,0x000000079821eb20,0x0000000798280000)
  to   space 16384K, 0% used [0x0000000798480000,0x0000000798480000,0x0000000799480000)
 ParOldGen       total 87552K, used 36866K [0x0000000740000000, 0x0000000745580000, 0x0000000795580000)
  object space 87552K, 42% used [0x0000000740000000,0x0000000742400a08,0x0000000745580000)
 Metaspace       used 20818K, capacity 21152K, committed 21296K, reserved 1069056K
  class space    used 2518K, capacity 2642K, committed 2688K, reserved 1048576K
Event: 436.935 GC heap after
Heap after GC invocations=8 (full 1):
 PSYoungGen      total 43520K, used 0K [0x0000000795580000, 0x0000000799480000, 0x00000007c0000000)
  eden space 31744K, 0% used [0x0000000795580000,0x0000000795580000,0x0000000797480000)
  from space 11776K, 0% used [0x0000000797700000,0x0000000797700000,0x0000000798280000)
  to   space 16384K, 0% used [0x0000000798480000,0x0000000798480000,0x0000000799480000)
 ParOldGen       total 58368K, used 14356K [0x0000000740000000, 0x0000000743900000, 0x0000000795580000)
  object space 58368K, 24% used [0x0000000740000000,0x0000000740e05060,0x0000000743900000)
 Metaspace       used 20818K, capacity 21152K, committed 21296K, reserved 1069056K
  class space    used 2518K, capacity 2642K, committed 2688K, reserved 1048576K
}

